Using pre-set license
Built from '2021.3/staging' branch; Version is '2021.3.30f1 (b4360d7cdac4) revision 11810317'; Using compiler version '192829333'; Build Type 'Release'
OS: 'Windows 10  (10.0.19045) 64bit Education' Language: 'ko' Physical Memory: 16297 MB
BatchMode: 1, IsHumanControllingUs: 0, StartBugReporterOnCrash: 0, Is64bit: 1, IsPro: 1

COMMAND LINE ARGUMENTS:
C:\Program Files\Unity\Hub\Editor\2021.3.30f1\Editor\Unity.exe
-adb2
-batchMode
-noUpm
-name
AssetImportWorker8
-projectPath
C:/Users/Administrator/Desktop/Cargame/yjl Game
-logFile
Logs/AssetImportWorker8.log
-srvPort
49810
Successfully changed project path to: C:/Users/Administrator/Desktop/Cargame/yjl Game
C:/Users/Administrator/Desktop/Cargame/yjl Game
[UnityMemory] Configuration Parameters - Can be set up in boot.config
    "memorysetup-bucket-allocator-granularity=16"
    "memorysetup-bucket-allocator-bucket-count=8"
    "memorysetup-bucket-allocator-block-size=33554432"
    "memorysetup-bucket-allocator-block-count=8"
    "memorysetup-main-allocator-block-size=16777216"
    "memorysetup-thread-allocator-block-size=16777216"
    "memorysetup-gfx-main-allocator-block-size=16777216"
    "memorysetup-gfx-thread-allocator-block-size=16777216"
    "memorysetup-cache-allocator-block-size=4194304"
    "memorysetup-typetree-allocator-block-size=2097152"
    "memorysetup-profiler-bucket-allocator-granularity=16"
    "memorysetup-profiler-bucket-allocator-bucket-count=8"
    "memorysetup-profiler-bucket-allocator-block-size=33554432"
    "memorysetup-profiler-bucket-allocator-block-count=8"
    "memorysetup-profiler-allocator-block-size=16777216"
    "memorysetup-profiler-editor-allocator-block-size=1048576"
    "memorysetup-temp-allocator-size-main=16777216"
    "memorysetup-job-temp-allocator-block-size=2097152"
    "memorysetup-job-temp-allocator-block-size-background=1048576"
    "memorysetup-job-temp-allocator-reduction-small-platforms=262144"
    "memorysetup-temp-allocator-size-background-worker=32768"
    "memorysetup-temp-allocator-size-job-worker=262144"
    "memorysetup-temp-allocator-size-preload-manager=33554432"
    "memorysetup-temp-allocator-size-nav-mesh-worker=65536"
    "memorysetup-temp-allocator-size-audio-worker=65536"
    "memorysetup-temp-allocator-size-cloud-worker=32768"
    "memorysetup-temp-allocator-size-gi-baking-worker=262144"
    "memorysetup-temp-allocator-size-gfx=262144"
Player connection [13464] Host "[IP] 192.168.0.111 [Port] 0 [Flags] 2 [Guid] 2754576008 [EditorId] 2754576008 [Version] 1048832 [Id] WindowsEditor(7,I-13) [Debug] 1 [PackageName] WindowsEditor [ProjectName] Editor" joined multi-casting on [225.0.0.222:54997]...

Player connection [13464] Host "[IP] 192.168.0.111 [Port] 0 [Flags] 2 [Guid] 2754576008 [EditorId] 2754576008 [Version] 1048832 [Id] WindowsEditor(7,I-13) [Debug] 1 [PackageName] WindowsEditor [ProjectName] Editor" joined alternative multi-casting on [225.0.0.222:34997]...

[Physics::Module] Initialized MultithreadedJobDispatcher with {0} workers.
Refreshing native plugins compatible for Editor in 135.62 ms, found 3 plugins.
Preloading 0 native plugins for Editor in 0.00 ms.
Initialize engine version: 2021.3.30f1 (b4360d7cdac4)
[Subsystems] Discovering subsystems at path C:/Program Files/Unity/Hub/Editor/2021.3.30f1/Editor/Data/Resources/UnitySubsystems
[Subsystems] Discovering subsystems at path C:/Users/Administrator/Desktop/Cargame/yjl Game/Assets
GfxDevice: creating device client; threaded=0; jobified=0
Direct3D:
    Version:  Direct3D 11.0 [level 11.1]
    Renderer: NVIDIA GeForce GTX 1660 (ID=0x2184)
    Vendor:   NVIDIA
    VRAM:     5980 MB
    Driver:   31.0.15.3623
Initialize mono
Mono path[0] = 'C:/Program Files/Unity/Hub/Editor/2021.3.30f1/Editor/Data/Managed'
Mono path[1] = 'C:/Program Files/Unity/Hub/Editor/2021.3.30f1/Editor/Data/MonoBleedingEdge/lib/mono/unityjit-win32'
Mono config path = 'C:/Program Files/Unity/Hub/Editor/2021.3.30f1/Editor/Data/MonoBleedingEdge/etc'
Using monoOptions --debugger-agent=transport=dt_socket,embedding=1,server=y,suspend=n,address=127.0.0.1:56368
Begin MonoManager ReloadAssembly
Registering precompiled unity dll's ...
Register platform support module: C:/Program Files/Unity/Hub/Editor/2021.3.30f1/Editor/Data/PlaybackEngines/AndroidPlayer/UnityEditor.Android.Extensions.dll
Register platform support module: C:/Program Files/Unity/Hub/Editor/2021.3.30f1/Editor/Data/PlaybackEngines/WindowsStandaloneSupport/UnityEditor.WindowsStandalone.Extensions.dll
Registered in 0.003663 seconds.
Native extension for WindowsStandalone target not found
Native extension for Android target not found
Android Extension - Scanning For ADB Devices 162 ms
Refreshing native plugins compatible for Editor in 113.22 ms, found 3 plugins.
Preloading 0 native plugins for Editor in 0.00 ms.
Mono: successfully reloaded assembly
- Completed reload, in  0.756 seconds
Domain Reload Profiling:
	ReloadAssembly (756ms)
		BeginReloadAssembly (75ms)
			ExecutionOrderSort (0ms)
			DisableScriptedObjects (0ms)
			BackupInstance (0ms)
			ReleaseScriptingObjects (0ms)
			CreateAndSetChildDomain (1ms)
		EndReloadAssembly (607ms)
			LoadAssemblies (74ms)
			RebuildTransferFunctionScriptingTraits (0ms)
			SetupTypeCache (94ms)
			ReleaseScriptCaches (0ms)
			RebuildScriptCaches (24ms)
			SetupLoadedEditorAssemblies (455ms)
				LogAssemblyErrors (0ms)
				InitializePlatformSupportModulesInManaged (237ms)
				SetLoadedEditorAssemblies (0ms)
				RefreshPlugins (113ms)
				BeforeProcessingInitializeOnLoad (1ms)
				ProcessInitializeOnLoadAttributes (69ms)
				ProcessInitializeOnLoadMethodAttributes (35ms)
				AfterProcessingInitializeOnLoad (0ms)
				EditorAssembliesLoaded (0ms)
			ExecutionOrderSort2 (0ms)
			AwakeInstancesAfterBackupRestoration (0ms)
Platform modules already initialized, skipping
Registering precompiled user dll's ...
Registered in 0.004930 seconds.
Begin MonoManager ReloadAssembly
Symbol file LoadedFromMemory is not a mono symbol file
Native extension for WindowsStandalone target not found
Native extension for Android target not found
Refreshing native plugins compatible for Editor in 114.67 ms, found 3 plugins.
Preloading 0 native plugins for Editor in 0.00 ms.
Package Manager log level set to [2]
[Package Manager] Server::EnsureServerProcessIsRunning -- launch failed, reason: Unity was launched with the -noUpm command-line argument
[Package Manager] Cannot connect to Unity Package Manager local server
Mono: successfully reloaded assembly
- Completed reload, in  1.747 seconds
Domain Reload Profiling:
	ReloadAssembly (1748ms)
		BeginReloadAssembly (108ms)
			ExecutionOrderSort (0ms)
			DisableScriptedObjects (5ms)
			BackupInstance (0ms)
			ReleaseScriptingObjects (0ms)
			CreateAndSetChildDomain (19ms)
		EndReloadAssembly (1552ms)
			LoadAssemblies (100ms)
			RebuildTransferFunctionScriptingTraits (0ms)
			SetupTypeCache (295ms)
			ReleaseScriptCaches (1ms)
			RebuildScriptCaches (64ms)
			SetupLoadedEditorAssemblies (1076ms)
				LogAssemblyErrors (0ms)
				InitializePlatformSupportModulesInManaged (17ms)
				SetLoadedEditorAssemblies (0ms)
				RefreshPlugins (115ms)
				BeforeProcessingInitializeOnLoad (127ms)
				ProcessInitializeOnLoadAttributes (662ms)
				ProcessInitializeOnLoadMethodAttributes (152ms)
				AfterProcessingInitializeOnLoad (3ms)
				EditorAssembliesLoaded (0ms)
			ExecutionOrderSort2 (0ms)
			AwakeInstancesAfterBackupRestoration (4ms)
Platform modules already initialized, skipping
========================================================================
Worker process is ready to serve import requests
Launched and connected shader compiler UnityShaderCompiler.exe after 0.03 seconds
Refreshing native plugins compatible for Editor in 1.37 ms, found 3 plugins.
Preloading 0 native plugins for Editor in 0.00 ms.
Unloading 6598 Unused Serialized files (Serialized files now loaded: 0)
Unloading 69 unused Assets / (1.0 MB). Loaded Objects now: 7068.
Memory consumption went from 283.4 MB to 282.5 MB.
Total: 6.225200 ms (FindLiveObjects: 0.507100 ms CreateObjectMapping: 0.543700 ms MarkObjects: 4.851500 ms  DeleteObjects: 0.322300 ms)

AssetImportParameters requested are different than current active one (requested -> active):
  custom:video-decoder-ogg-theora: a1e56fd34408186e4bbccfd4996cb3dc -> 
  custom:container-muxer-webm: aa71ff27fc2769a1b78a27578f13a17b -> 
  custom:container-demuxer-webm: 4f35f7cbe854078d1ac9338744f61a02 -> 
  custom:video-encoder-webm-vp8: eb34c28f22e8b96e1ab97ce403110664 -> 
  custom:CustomObjectIndexerAttribute: 6b0e35c9178b02a6363f3721b7b8e397 -> 
  custom:audio-encoder-webm-vorbis: bf7c407c2cedff20999df2af8eb42d56 -> 
  custom:framework-win-MediaFoundation: 216162199b28c13a410421893ffa2e32 -> 
  custom:SearchIndexIgnoredProperties: e643bd26f0fe6173181afceb89e7c659 -> 
  custom:container-demuxer-ogg: 62fdf1f143b41e24485cea50d1cbac27 -> 
  custom:video-decoder-webm-vp8: 9c59270c3fd7afecdb556c50c9e8de78 -> 
  custom:audio-decoder-ogg-vorbis: bf7c407c2cedff20999df2af8eb42d56 -> 
========================================================================
Received Import Request.
  Time since last request: 1292.507483 seconds.
  path: Assets/Game Make/RunGame/Prefabs/Obstrcle/Vehicle_Pick up Truck_color03.prefab
  artifactKey: Guid(d0025e9a8c9160a448c25ffcd679fc8f) Importer(815301076,1909f56bfc062723c751e8b465ee728b)
Number of updated assets reloaded before import = 0
Start importing Assets/Game Make/RunGame/Prefabs/Obstrcle/Vehicle_Pick up Truck_color03.prefab using Guid(d0025e9a8c9160a448c25ffcd679fc8f) Importer(815301076,1909f56bfc062723c751e8b465ee728b)  -> (artifact id: '74e0e4837383a0cdc8fe3b472d0ee70d') in 0.077095 seconds 
Number of asset objects unloaded after import = 9
========================================================================
Received Import Request.
  Time since last request: 2.168427 seconds.
  path: Assets/Game Make/RunGame/Prefabs/Obstrcle/Vehicle_Container_color03.prefab
  artifactKey: Guid(d176ef9015459e2448fcf9b9e893f24c) Importer(815301076,1909f56bfc062723c751e8b465ee728b)
Number of updated assets reloaded before import = 0
Start importing Assets/Game Make/RunGame/Prefabs/Obstrcle/Vehicle_Container_color03.prefab using Guid(d176ef9015459e2448fcf9b9e893f24c) Importer(815301076,1909f56bfc062723c751e8b465ee728b)  -> (artifact id: '30369b34011796aca279b09fcd9bb558') in 0.010344 seconds 
Number of asset objects unloaded after import = 9
========================================================================
Received Import Request.
  Time since last request: 2.105923 seconds.
  path: Assets/Game Make/RunGame/Prefabs/Obstrcle/Vehicle_Car_color01.prefab
  artifactKey: Guid(39ce886a82e0a134cb16fdb5e38dda44) Importer(815301076,1909f56bfc062723c751e8b465ee728b)
Number of updated assets reloaded before import = 0
Start importing Assets/Game Make/RunGame/Prefabs/Obstrcle/Vehicle_Car_color01.prefab using Guid(39ce886a82e0a134cb16fdb5e38dda44) Importer(815301076,1909f56bfc062723c751e8b465ee728b)  -> (artifact id: '0b5e4c827b9fd150b521c7f11de653c3') in 0.010402 seconds 
Number of asset objects unloaded after import = 9
========================================================================
Received Import Request.
  Time since last request: 1.767115 seconds.
  path: Assets/Game Make/RunGame/Prefabs/Obstrcle/Vehicle_Ambulance.prefab
  artifactKey: Guid(6f0005a439b238d469680f28bd68673c) Importer(815301076,1909f56bfc062723c751e8b465ee728b)
Number of updated assets reloaded before import = 0
Start importing Assets/Game Make/RunGame/Prefabs/Obstrcle/Vehicle_Ambulance.prefab using Guid(6f0005a439b238d469680f28bd68673c) Importer(815301076,1909f56bfc062723c751e8b465ee728b)  -> (artifact id: 'dc4e1b8661779369f5534aeaffaf113c') in 0.010200 seconds 
Number of asset objects unloaded after import = 9
========================================================================
Received Import Request.
  Time since last request: 2.553877 seconds.
  path: Assets/Game Make/RunGame/Prefabs/Obstrcle/Vehicle_Taxi.prefab
  artifactKey: Guid(5a6ac9827ddd34a4790910d7bb1ba0a5) Importer(815301076,1909f56bfc062723c751e8b465ee728b)
Number of updated assets reloaded before import = 0
Start importing Assets/Game Make/RunGame/Prefabs/Obstrcle/Vehicle_Taxi.prefab using Guid(5a6ac9827ddd34a4790910d7bb1ba0a5) Importer(815301076,1909f56bfc062723c751e8b465ee728b)  -> (artifact id: '45030f20247914f63e53ecdadfeed684') in 0.009989 seconds 
Number of asset objects unloaded after import = 9
========================================================================
Received Import Request.
  Time since last request: 2.044278 seconds.
  path: Assets/Game Make/RunGame/Prefabs/Obstrcle/Vehicle_Police Car_separate.prefab
  artifactKey: Guid(de0da45b51364f443976f0cb228e81eb) Importer(815301076,1909f56bfc062723c751e8b465ee728b)
Number of updated assets reloaded before import = 0
Start importing Assets/Game Make/RunGame/Prefabs/Obstrcle/Vehicle_Police Car_separate.prefab using Guid(de0da45b51364f443976f0cb228e81eb) Importer(815301076,1909f56bfc062723c751e8b465ee728b)  -> (artifact id: '47c70d75c8d263ff1315f8b7323465c2') in 0.011570 seconds 
Number of asset objects unloaded after import = 31
========================================================================
Received Import Request.
  Time since last request: 10.544630 seconds.
  path: Assets/Game Make/RunGame/Prefabs/Road  4.prefab
  artifactKey: Guid(0e3affae55894374a9a999dfd1a81790) Importer(815301076,1909f56bfc062723c751e8b465ee728b)
Number of updated assets reloaded before import = 0
Start importing Assets/Game Make/RunGame/Prefabs/Road  4.prefab using Guid(0e3affae55894374a9a999dfd1a81790) Importer(815301076,1909f56bfc062723c751e8b465ee728b)  -> (artifact id: '5ec0a795f0c595d0939f23abb1502242') in 0.018825 seconds 
Number of asset objects unloaded after import = 124
========================================================================
Received Import Request.
  Time since last request: 508.053629 seconds.
  path: Assets/Game Make/RunGame/Prefabs/Obstrcle/Police.prefab
  artifactKey: Guid(56b29d5e4d261c64b839202cd9d1cec0) Importer(815301076,1909f56bfc062723c751e8b465ee728b)
Number of updated assets reloaded before import = 0
Start importing Assets/Game Make/RunGame/Prefabs/Obstrcle/Police.prefab using Guid(56b29d5e4d261c64b839202cd9d1cec0) Importer(815301076,1909f56bfc062723c751e8b465ee728b)  -> (artifact id: '4851c4d53659849cbbd228b82fb96414') in 0.013559 seconds 
Number of asset objects unloaded after import = 32
========================================================================
Received Import Request.
  Time since last request: 3.732245 seconds.
  path: Assets/Game Make/RunGame/Prefabs/Obstrcle/Ambulance.prefab
  artifactKey: Guid(c11d6906441bd87449e0c0094cf6a1eb) Importer(815301076,1909f56bfc062723c751e8b465ee728b)
Number of updated assets reloaded before import = 0
Start importing Assets/Game Make/RunGame/Prefabs/Obstrcle/Ambulance.prefab using Guid(c11d6906441bd87449e0c0094cf6a1eb) Importer(815301076,1909f56bfc062723c751e8b465ee728b)  -> (artifact id: '1a34ae9fabad1a5b771c022e5555d3f6') in 0.011412 seconds 
Number of asset objects unloaded after import = 10
========================================================================
Received Import Request.
  Time since last request: 2.873654 seconds.
  path: Assets/Game Make/RunGame/Prefabs/Obstrcle/Car_color01.prefab
  artifactKey: Guid(cd3f1dbbb1c945d4f8e3356415b44ee5) Importer(815301076,1909f56bfc062723c751e8b465ee728b)
Number of updated assets reloaded before import = 0
Start importing Assets/Game Make/RunGame/Prefabs/Obstrcle/Car_color01.prefab using Guid(cd3f1dbbb1c945d4f8e3356415b44ee5) Importer(815301076,1909f56bfc062723c751e8b465ee728b)  -> (artifact id: 'ecc1337d13d749af2e0075a476ba38b1') in 0.010892 seconds 
Number of asset objects unloaded after import = 10
========================================================================
Received Import Request.
  Time since last request: 2.266687 seconds.
  path: Assets/Game Make/RunGame/Prefabs/Obstrcle/Container_color03.prefab
  artifactKey: Guid(479efe7b1f4c84a4b8104827b0b6e619) Importer(815301076,1909f56bfc062723c751e8b465ee728b)
Number of updated assets reloaded before import = 0
Start importing Assets/Game Make/RunGame/Prefabs/Obstrcle/Container_color03.prefab using Guid(479efe7b1f4c84a4b8104827b0b6e619) Importer(815301076,1909f56bfc062723c751e8b465ee728b)  -> (artifact id: '45e05322cb29ee9168a4ac768ddf28ad') in 0.010865 seconds 
Number of asset objects unloaded after import = 10
========================================================================
Received Import Request.
  Time since last request: 1.950468 seconds.
  path: Assets/Game Make/RunGame/Prefabs/Obstrcle/Vehicle_Taxi 1.prefab
  artifactKey: Guid(18ce811317c9ccb468d8d068b79c468f) Importer(815301076,1909f56bfc062723c751e8b465ee728b)
Number of updated assets reloaded before import = 0
Start importing Assets/Game Make/RunGame/Prefabs/Obstrcle/Vehicle_Taxi 1.prefab using Guid(18ce811317c9ccb468d8d068b79c468f) Importer(815301076,1909f56bfc062723c751e8b465ee728b)  -> (artifact id: '502f118285ee6fa10be572ba6aa71e68') in 0.010664 seconds 
Number of asset objects unloaded after import = 10
========================================================================
Received Import Request.
  Time since last request: 3.543316 seconds.
  path: Assets/Game Make/RunGame/Prefabs/Obstrcle/Pick up Truck_color03.prefab
  artifactKey: Guid(559dcf7feb38b9748aca03b9818760ef) Importer(815301076,1909f56bfc062723c751e8b465ee728b)
Number of updated assets reloaded before import = 0
Start importing Assets/Game Make/RunGame/Prefabs/Obstrcle/Pick up Truck_color03.prefab using Guid(559dcf7feb38b9748aca03b9818760ef) Importer(815301076,1909f56bfc062723c751e8b465ee728b)  -> (artifact id: '50fd1fba504c7b55569b9a8080a92e42') in 0.010762 seconds 
Number of asset objects unloaded after import = 10
========================================================================
Received Import Request.
  Time since last request: 53.242737 seconds.
  path: Assets/Game Make/RunGame/Prefabs/Obstrcle/Vehicle_Taxi 1.prefab
  artifactKey: Guid(18ce811317c9ccb468d8d068b79c468f) Importer(815301076,1909f56bfc062723c751e8b465ee728b)
Number of updated assets reloaded before import = 0
Start importing Assets/Game Make/RunGame/Prefabs/Obstrcle/Vehicle_Taxi 1.prefab using Guid(18ce811317c9ccb468d8d068b79c468f) Importer(815301076,1909f56bfc062723c751e8b465ee728b)  -> (artifact id: 'c225765c2b85d6a97ae02124125c13b8') in 0.011183 seconds 
Number of asset objects unloaded after import = 11
========================================================================
Received Import Request.
  Time since last request: 4.063437 seconds.
  path: Assets/Game Make/RunGame/Prefabs/Obstrcle/Police.prefab
  artifactKey: Guid(56b29d5e4d261c64b839202cd9d1cec0) Importer(815301076,1909f56bfc062723c751e8b465ee728b)
Number of updated assets reloaded before import = 0
Start importing Assets/Game Make/RunGame/Prefabs/Obstrcle/Police.prefab using Guid(56b29d5e4d261c64b839202cd9d1cec0) Importer(815301076,1909f56bfc062723c751e8b465ee728b)  -> (artifact id: '13fa3646e227e791fbbe8986c52a6a4e') in 0.010055 seconds 
Number of asset objects unloaded after import = 33
========================================================================
Received Import Request.
  Time since last request: 3.383716 seconds.
  path: Assets/Game Make/RunGame/Prefabs/Obstrcle/Pick up Truck_color03.prefab
  artifactKey: Guid(559dcf7feb38b9748aca03b9818760ef) Importer(815301076,1909f56bfc062723c751e8b465ee728b)
Number of updated assets reloaded before import = 0
Start importing Assets/Game Make/RunGame/Prefabs/Obstrcle/Pick up Truck_color03.prefab using Guid(559dcf7feb38b9748aca03b9818760ef) Importer(815301076,1909f56bfc062723c751e8b465ee728b)  -> (artifact id: '33980501b7c5d2eea42a5aa769971c21') in 0.007973 seconds 
Number of asset objects unloaded after import = 11
========================================================================
Received Import Request.
  Time since last request: 3.665019 seconds.
  path: Assets/Game Make/RunGame/Prefabs/Obstrcle/Container_color03.prefab
  artifactKey: Guid(479efe7b1f4c84a4b8104827b0b6e619) Importer(815301076,1909f56bfc062723c751e8b465ee728b)
Number of updated assets reloaded before import = 0
Start importing Assets/Game Make/RunGame/Prefabs/Obstrcle/Container_color03.prefab using Guid(479efe7b1f4c84a4b8104827b0b6e619) Importer(815301076,1909f56bfc062723c751e8b465ee728b)  -> (artifact id: '8e03fd769b3cfb11a926212404be95dc') in 0.006743 seconds 
Number of asset objects unloaded after import = 11
========================================================================
Received Import Request.
  Time since last request: 2.743726 seconds.
  path: Assets/Game Make/RunGame/Prefabs/Obstrcle/Car_color01.prefab
  artifactKey: Guid(cd3f1dbbb1c945d4f8e3356415b44ee5) Importer(815301076,1909f56bfc062723c751e8b465ee728b)
Number of updated assets reloaded before import = 0
Start importing Assets/Game Make/RunGame/Prefabs/Obstrcle/Car_color01.prefab using Guid(cd3f1dbbb1c945d4f8e3356415b44ee5) Importer(815301076,1909f56bfc062723c751e8b465ee728b)  -> (artifact id: '938398a8bce418709ca5855b3f2f3069') in 0.006958 seconds 
Number of asset objects unloaded after import = 11
========================================================================
Received Import Request.
  Time since last request: 2.788278 seconds.
  path: Assets/Game Make/RunGame/Prefabs/Obstrcle/Car_color01.prefab
  artifactKey: Guid(cd3f1dbbb1c945d4f8e3356415b44ee5) Importer(815301076,1909f56bfc062723c751e8b465ee728b)
Number of updated assets reloaded before import = 0
Start importing Assets/Game Make/RunGame/Prefabs/Obstrcle/Car_color01.prefab using Guid(cd3f1dbbb1c945d4f8e3356415b44ee5) Importer(815301076,1909f56bfc062723c751e8b465ee728b)  -> (artifact id: '4a68fc8384d0dc3cba970886ae3d8ed7') in 0.006540 seconds 
Number of asset objects unloaded after import = 11
========================================================================
Received Import Request.
  Time since last request: 3.951897 seconds.
  path: Assets/Game Make/RunGame/Prefabs/Obstrcle/Ambulance.prefab
  artifactKey: Guid(c11d6906441bd87449e0c0094cf6a1eb) Importer(815301076,1909f56bfc062723c751e8b465ee728b)
Number of updated assets reloaded before import = 0
Start importing Assets/Game Make/RunGame/Prefabs/Obstrcle/Ambulance.prefab using Guid(c11d6906441bd87449e0c0094cf6a1eb) Importer(815301076,1909f56bfc062723c751e8b465ee728b)  -> (artifact id: '579b17f35ea5195760144fd04a296f3f') in 0.007105 seconds 
Number of asset objects unloaded after import = 11
========================================================================
Received Import Request.
  Time since last request: 76.245886 seconds.
  path: Assets/Game Make/RunGame/Prefabs/Obstrcle/Ambulance.prefab
  artifactKey: Guid(c11d6906441bd87449e0c0094cf6a1eb) Importer(815301076,1909f56bfc062723c751e8b465ee728b)
Number of updated assets reloaded before import = 0
Start importing Assets/Game Make/RunGame/Prefabs/Obstrcle/Ambulance.prefab using Guid(c11d6906441bd87449e0c0094cf6a1eb) Importer(815301076,1909f56bfc062723c751e8b465ee728b)  -> (artifact id: '64cf7d450a95695688145ef742b2ff93') in 0.014113 seconds 
Number of asset objects unloaded after import = 11
========================================================================
Received Import Request.
  Time since last request: 2.225535 seconds.
  path: Assets/Game Make/RunGame/Prefabs/Obstrcle/Car_color01.prefab
  artifactKey: Guid(cd3f1dbbb1c945d4f8e3356415b44ee5) Importer(815301076,1909f56bfc062723c751e8b465ee728b)
Number of updated assets reloaded before import = 0
Start importing Assets/Game Make/RunGame/Prefabs/Obstrcle/Car_color01.prefab using Guid(cd3f1dbbb1c945d4f8e3356415b44ee5) Importer(815301076,1909f56bfc062723c751e8b465ee728b)  -> (artifact id: 'c5e6ff04a520efbe5a09fe937c659273') in 0.006733 seconds 
Number of asset objects unloaded after import = 11
========================================================================
Received Import Request.
  Time since last request: 1.818297 seconds.
  path: Assets/Game Make/RunGame/Prefabs/Obstrcle/Container_color03.prefab
  artifactKey: Guid(479efe7b1f4c84a4b8104827b0b6e619) Importer(815301076,1909f56bfc062723c751e8b465ee728b)
Number of updated assets reloaded before import = 0
Start importing Assets/Game Make/RunGame/Prefabs/Obstrcle/Container_color03.prefab using Guid(479efe7b1f4c84a4b8104827b0b6e619) Importer(815301076,1909f56bfc062723c751e8b465ee728b)  -> (artifact id: '42db4cda70eae206d67b018cc327aee4') in 0.006803 seconds 
Number of asset objects unloaded after import = 11
========================================================================
Received Import Request.
  Time since last request: 1.904990 seconds.
  path: Assets/Game Make/RunGame/Prefabs/Obstrcle/Pick up Truck_color03.prefab
  artifactKey: Guid(559dcf7feb38b9748aca03b9818760ef) Importer(815301076,1909f56bfc062723c751e8b465ee728b)
Number of updated assets reloaded before import = 0
Start importing Assets/Game Make/RunGame/Prefabs/Obstrcle/Pick up Truck_color03.prefab using Guid(559dcf7feb38b9748aca03b9818760ef) Importer(815301076,1909f56bfc062723c751e8b465ee728b)  -> (artifact id: '63e7ecbbd0147ff2ed61cb27b7e12abb') in 0.006812 seconds 
Number of asset objects unloaded after import = 11
========================================================================
Received Import Request.
  Time since last request: 1.825358 seconds.
  path: Assets/Game Make/RunGame/Prefabs/Obstrcle/Police.prefab
  artifactKey: Guid(56b29d5e4d261c64b839202cd9d1cec0) Importer(815301076,1909f56bfc062723c751e8b465ee728b)
Number of updated assets reloaded before import = 0
Start importing Assets/Game Make/RunGame/Prefabs/Obstrcle/Police.prefab using Guid(56b29d5e4d261c64b839202cd9d1cec0) Importer(815301076,1909f56bfc062723c751e8b465ee728b)  -> (artifact id: '5a2df539be4894d4100e3ba72e0d3d8c') in 0.008452 seconds 
Number of asset objects unloaded after import = 33
========================================================================
Received Import Request.
  Time since last request: 4.079934 seconds.
  path: Assets/Game Make/RunGame/Prefabs/Obstrcle/Vehicle_Taxi 1.prefab
  artifactKey: Guid(18ce811317c9ccb468d8d068b79c468f) Importer(815301076,1909f56bfc062723c751e8b465ee728b)
Number of updated assets reloaded before import = 0
Start importing Assets/Game Make/RunGame/Prefabs/Obstrcle/Vehicle_Taxi 1.prefab using Guid(18ce811317c9ccb468d8d068b79c468f) Importer(815301076,1909f56bfc062723c751e8b465ee728b)  -> (artifact id: '7aff07314f9c07a7308d8e6a00d84bca') in 0.010072 seconds 
Number of asset objects unloaded after import = 11
========================================================================
Received Import Request.
  Time since last request: 10.149263 seconds.
  path: Assets/Game Make/RunGame/Prefabs/Obstrcle/Ambulance.prefab
  artifactKey: Guid(c11d6906441bd87449e0c0094cf6a1eb) Importer(815301076,1909f56bfc062723c751e8b465ee728b)
Number of updated assets reloaded before import = 0
Start importing Assets/Game Make/RunGame/Prefabs/Obstrcle/Ambulance.prefab using Guid(c11d6906441bd87449e0c0094cf6a1eb) Importer(815301076,1909f56bfc062723c751e8b465ee728b)  -> (artifact id: 'fafa21ba52b5fbae956fa4b7e77386e5') in 0.006768 seconds 
Number of asset objects unloaded after import = 11
========================================================================
Received Import Request.
  Time since last request: 2.657435 seconds.
  path: Assets/Game Make/RunGame/Prefabs/Obstrcle/Car_color01.prefab
  artifactKey: Guid(cd3f1dbbb1c945d4f8e3356415b44ee5) Importer(815301076,1909f56bfc062723c751e8b465ee728b)
Number of updated assets reloaded before import = 0
Start importing Assets/Game Make/RunGame/Prefabs/Obstrcle/Car_color01.prefab using Guid(cd3f1dbbb1c945d4f8e3356415b44ee5) Importer(815301076,1909f56bfc062723c751e8b465ee728b)  -> (artifact id: '54fb7d3ce035e71789a0156f1a246850') in 0.009007 seconds 
Number of asset objects unloaded after import = 11
========================================================================
Received Import Request.
  Time since last request: 2.578892 seconds.
  path: Assets/Game Make/RunGame/Prefabs/Obstrcle/Container_color03.prefab
  artifactKey: Guid(479efe7b1f4c84a4b8104827b0b6e619) Importer(815301076,1909f56bfc062723c751e8b465ee728b)
Number of updated assets reloaded before import = 0
Start importing Assets/Game Make/RunGame/Prefabs/Obstrcle/Container_color03.prefab using Guid(479efe7b1f4c84a4b8104827b0b6e619) Importer(815301076,1909f56bfc062723c751e8b465ee728b)  -> (artifact id: '059b282c6122dcffa783db67790de8a2') in 0.006830 seconds 
Number of asset objects unloaded after import = 11
========================================================================
Received Import Request.
  Time since last request: 2.595093 seconds.
  path: Assets/Game Make/RunGame/Prefabs/Obstrcle/Pick up Truck_color03.prefab
  artifactKey: Guid(559dcf7feb38b9748aca03b9818760ef) Importer(815301076,1909f56bfc062723c751e8b465ee728b)
Number of updated assets reloaded before import = 0
Start importing Assets/Game Make/RunGame/Prefabs/Obstrcle/Pick up Truck_color03.prefab using Guid(559dcf7feb38b9748aca03b9818760ef) Importer(815301076,1909f56bfc062723c751e8b465ee728b)  -> (artifact id: 'd286e33944bb0d5aafb843e233e8bd86') in 0.006842 seconds 
Number of asset objects unloaded after import = 11
========================================================================
Received Import Request.
  Time since last request: 3.079873 seconds.
  path: Assets/Game Make/RunGame/Prefabs/Obstrcle/Police.prefab
  artifactKey: Guid(56b29d5e4d261c64b839202cd9d1cec0) Importer(815301076,1909f56bfc062723c751e8b465ee728b)
Number of updated assets reloaded before import = 0
Start importing Assets/Game Make/RunGame/Prefabs/Obstrcle/Police.prefab using Guid(56b29d5e4d261c64b839202cd9d1cec0) Importer(815301076,1909f56bfc062723c751e8b465ee728b)  -> (artifact id: 'c1feb109fe9b528c4427f1337ba13202') in 0.007546 seconds 
Number of asset objects unloaded after import = 33
========================================================================
Received Import Request.
  Time since last request: 2.321109 seconds.
  path: Assets/Game Make/RunGame/Prefabs/Obstrcle/Vehicle_Taxi 1.prefab
  artifactKey: Guid(18ce811317c9ccb468d8d068b79c468f) Importer(815301076,1909f56bfc062723c751e8b465ee728b)
Number of updated assets reloaded before import = 0
Start importing Assets/Game Make/RunGame/Prefabs/Obstrcle/Vehicle_Taxi 1.prefab using Guid(18ce811317c9ccb468d8d068b79c468f) Importer(815301076,1909f56bfc062723c751e8b465ee728b)  -> (artifact id: '56696ba42db62817147366c6fd8405e2') in 0.006789 seconds 
Number of asset objects unloaded after import = 11
========================================================================
Received Import Request.
  Time since last request: 202.174934 seconds.
  path: Assets/Game Make/RunGame/Script/Manager/ObstacleManager.cs
  artifactKey: Guid(7ce4d869601890649a055ca62b0261eb) Importer(815301076,1909f56bfc062723c751e8b465ee728b)
Number of updated assets reloaded before import = 0
Start importing Assets/Game Make/RunGame/Script/Manager/ObstacleManager.cs using Guid(7ce4d869601890649a055ca62b0261eb) Importer(815301076,1909f56bfc062723c751e8b465ee728b)  -> (artifact id: 'df99886c55961e736497536dcdcf648d') in 0.009559 seconds 
Number of asset objects unloaded after import = 0
========================================================================
Received Prepare
Registering precompiled user dll's ...
Registered in 0.004653 seconds.
Begin MonoManager ReloadAssembly
Symbol file LoadedFromMemory is not a mono symbol file
Native extension for WindowsStandalone target not found
Native extension for Android target not found
Refreshing native plugins compatible for Editor in 1.33 ms, found 3 plugins.
Preloading 0 native plugins for Editor in 0.00 ms.
[Package Manager] Server::EnsureServerProcessIsRunning -- launch failed, reason: Unity was launched with the -noUpm command-line argument
[Package Manager] Cannot connect to Unity Package Manager local server
Mono: successfully reloaded assembly
- Completed reload, in  1.593 seconds
Domain Reload Profiling:
	ReloadAssembly (1593ms)
		BeginReloadAssembly (166ms)
			ExecutionOrderSort (0ms)
			DisableScriptedObjects (7ms)
			BackupInstance (0ms)
			ReleaseScriptingObjects (0ms)
			CreateAndSetChildDomain (54ms)
		EndReloadAssembly (1346ms)
			LoadAssemblies (106ms)
			RebuildTransferFunctionScriptingTraits (0ms)
			SetupTypeCache (293ms)
			ReleaseScriptCaches (2ms)
			RebuildScriptCaches (45ms)
			SetupLoadedEditorAssemblies (860ms)
				LogAssemblyErrors (0ms)
				InitializePlatformSupportModulesInManaged (18ms)
				SetLoadedEditorAssemblies (0ms)
				RefreshPlugins (1ms)
				BeforeProcessingInitializeOnLoad (101ms)
				ProcessInitializeOnLoadAttributes (576ms)
				ProcessInitializeOnLoadMethodAttributes (159ms)
				AfterProcessingInitializeOnLoad (5ms)
				EditorAssembliesLoaded (0ms)
			ExecutionOrderSort2 (0ms)
			AwakeInstancesAfterBackupRestoration (25ms)
Platform modules already initialized, skipping
Refreshing native plugins compatible for Editor in 1.33 ms, found 3 plugins.
Preloading 0 native plugins for Editor in 0.00 ms.
Unloading 6472 Unused Serialized files (Serialized files now loaded: 0)
Unloading 60 unused Assets / (0.9 MB). Loaded Objects now: 7080.
Memory consumption went from 271.4 MB to 270.5 MB.
Total: 5.733100 ms (FindLiveObjects: 0.494200 ms CreateObjectMapping: 0.491600 ms MarkObjects: 4.445900 ms  DeleteObjects: 0.300700 ms)

AssetImportParameters requested are different than current active one (requested -> active):
  custom:video-decoder-ogg-theora: a1e56fd34408186e4bbccfd4996cb3dc -> 
  custom:container-muxer-webm: aa71ff27fc2769a1b78a27578f13a17b -> 
  custom:container-demuxer-webm: 4f35f7cbe854078d1ac9338744f61a02 -> 
  custom:video-encoder-webm-vp8: eb34c28f22e8b96e1ab97ce403110664 -> 
  custom:CustomObjectIndexerAttribute: 6b0e35c9178b02a6363f3721b7b8e397 -> 
  custom:audio-encoder-webm-vorbis: bf7c407c2cedff20999df2af8eb42d56 -> 
  custom:framework-win-MediaFoundation: 216162199b28c13a410421893ffa2e32 -> 
  custom:SearchIndexIgnoredProperties: e643bd26f0fe6173181afceb89e7c659 -> 
  custom:container-demuxer-ogg: 62fdf1f143b41e24485cea50d1cbac27 -> 
  custom:video-decoder-webm-vp8: 9c59270c3fd7afecdb556c50c9e8de78 -> 
  custom:audio-decoder-ogg-vorbis: bf7c407c2cedff20999df2af8eb42d56 -> 
========================================================================
Received Prepare
Registering precompiled user dll's ...
Registered in 0.005851 seconds.
Begin MonoManager ReloadAssembly
Symbol file LoadedFromMemory is not a mono symbol file
Native extension for WindowsStandalone target not found
Native extension for Android target not found
Refreshing native plugins compatible for Editor in 2.18 ms, found 3 plugins.
Preloading 0 native plugins for Editor in 0.00 ms.
[Package Manager] Server::EnsureServerProcessIsRunning -- launch failed, reason: Unity was launched with the -noUpm command-line argument
[Package Manager] Cannot connect to Unity Package Manager local server
Mono: successfully reloaded assembly
- Completed reload, in  1.629 seconds
Domain Reload Profiling:
	ReloadAssembly (1630ms)
		BeginReloadAssembly (148ms)
			ExecutionOrderSort (0ms)
			DisableScriptedObjects (6ms)
			BackupInstance (0ms)
			ReleaseScriptingObjects (0ms)
			CreateAndSetChildDomain (48ms)
		EndReloadAssembly (1401ms)
			LoadAssemblies (104ms)
			RebuildTransferFunctionScriptingTraits (0ms)
			SetupTypeCache (303ms)
			ReleaseScriptCaches (3ms)
			RebuildScriptCaches (46ms)
			SetupLoadedEditorAssemblies (896ms)
				LogAssemblyErrors (0ms)
				InitializePlatformSupportModulesInManaged (19ms)
				SetLoadedEditorAssemblies (0ms)
				RefreshPlugins (2ms)
				BeforeProcessingInitializeOnLoad (104ms)
				ProcessInitializeOnLoadAttributes (589ms)
				ProcessInitializeOnLoadMethodAttributes (175ms)
				AfterProcessingInitializeOnLoad (7ms)
				EditorAssembliesLoaded (0ms)
			ExecutionOrderSort2 (0ms)
			AwakeInstancesAfterBackupRestoration (27ms)
Platform modules already initialized, skipping
Refreshing native plugins compatible for Editor in 1.33 ms, found 3 plugins.
Preloading 0 native plugins for Editor in 0.00 ms.
Unloading 6472 Unused Serialized files (Serialized files now loaded: 0)
Unloading 60 unused Assets / (0.9 MB). Loaded Objects now: 7083.
Memory consumption went from 271.4 MB to 270.5 MB.
Total: 6.043500 ms (FindLiveObjects: 0.569000 ms CreateObjectMapping: 0.550900 ms MarkObjects: 4.605600 ms  DeleteObjects: 0.317400 ms)

AssetImportParameters requested are different than current active one (requested -> active):
  custom:video-decoder-ogg-theora: a1e56fd34408186e4bbccfd4996cb3dc -> 
  custom:container-muxer-webm: aa71ff27fc2769a1b78a27578f13a17b -> 
  custom:container-demuxer-webm: 4f35f7cbe854078d1ac9338744f61a02 -> 
  custom:video-encoder-webm-vp8: eb34c28f22e8b96e1ab97ce403110664 -> 
  custom:CustomObjectIndexerAttribute: 6b0e35c9178b02a6363f3721b7b8e397 -> 
  custom:audio-encoder-webm-vorbis: bf7c407c2cedff20999df2af8eb42d56 -> 
  custom:framework-win-MediaFoundation: 216162199b28c13a410421893ffa2e32 -> 
  custom:SearchIndexIgnoredProperties: e643bd26f0fe6173181afceb89e7c659 -> 
  custom:container-demuxer-ogg: 62fdf1f143b41e24485cea50d1cbac27 -> 
  custom:video-decoder-webm-vp8: 9c59270c3fd7afecdb556c50c9e8de78 -> 
  custom:audio-decoder-ogg-vorbis: bf7c407c2cedff20999df2af8eb42d56 -> 
========================================================================
Received Prepare
Registering precompiled user dll's ...
Registered in 0.005542 seconds.
Begin MonoManager ReloadAssembly
Symbol file LoadedFromMemory is not a mono symbol file
Native extension for WindowsStandalone target not found
Native extension for Android target not found
Refreshing native plugins compatible for Editor in 1.27 ms, found 3 plugins.
Preloading 0 native plugins for Editor in 0.00 ms.
[Package Manager] Server::EnsureServerProcessIsRunning -- launch failed, reason: Unity was launched with the -noUpm command-line argument
[Package Manager] Cannot connect to Unity Package Manager local server
Mono: successfully reloaded assembly
- Completed reload, in  1.603 seconds
Domain Reload Profiling:
	ReloadAssembly (1603ms)
		BeginReloadAssembly (145ms)
			ExecutionOrderSort (0ms)
			DisableScriptedObjects (6ms)
			BackupInstance (0ms)
			ReleaseScriptingObjects (0ms)
			CreateAndSetChildDomain (47ms)
		EndReloadAssembly (1384ms)
			LoadAssemblies (98ms)
			RebuildTransferFunctionScriptingTraits (0ms)
			SetupTypeCache (297ms)
			ReleaseScriptCaches (2ms)
			RebuildScriptCaches (47ms)
			SetupLoadedEditorAssemblies (892ms)
				LogAssemblyErrors (0ms)
				InitializePlatformSupportModulesInManaged (17ms)
				SetLoadedEditorAssemblies (0ms)
				RefreshPlugins (1ms)
				BeforeProcessingInitializeOnLoad (99ms)
				ProcessInitializeOnLoadAttributes (581ms)
				ProcessInitializeOnLoadMethodAttributes (185ms)
				AfterProcessingInitializeOnLoad (8ms)
				EditorAssembliesLoaded (0ms)
			ExecutionOrderSort2 (0ms)
			AwakeInstancesAfterBackupRestoration (25ms)
Platform modules already initialized, skipping
Refreshing native plugins compatible for Editor in 1.47 ms, found 3 plugins.
Preloading 0 native plugins for Editor in 0.00 ms.
Unloading 6472 Unused Serialized files (Serialized files now loaded: 0)
Unloading 60 unused Assets / (0.9 MB). Loaded Objects now: 7086.
Memory consumption went from 271.4 MB to 270.5 MB.
Total: 6.268900 ms (FindLiveObjects: 0.547500 ms CreateObjectMapping: 0.551100 ms MarkObjects: 4.819700 ms  DeleteObjects: 0.350000 ms)

AssetImportParameters requested are different than current active one (requested -> active):
  custom:video-decoder-ogg-theora: a1e56fd34408186e4bbccfd4996cb3dc -> 
  custom:container-muxer-webm: aa71ff27fc2769a1b78a27578f13a17b -> 
  custom:container-demuxer-webm: 4f35f7cbe854078d1ac9338744f61a02 -> 
  custom:video-encoder-webm-vp8: eb34c28f22e8b96e1ab97ce403110664 -> 
  custom:CustomObjectIndexerAttribute: 6b0e35c9178b02a6363f3721b7b8e397 -> 
  custom:audio-encoder-webm-vorbis: bf7c407c2cedff20999df2af8eb42d56 -> 
  custom:framework-win-MediaFoundation: 216162199b28c13a410421893ffa2e32 -> 
  custom:SearchIndexIgnoredProperties: e643bd26f0fe6173181afceb89e7c659 -> 
  custom:container-demuxer-ogg: 62fdf1f143b41e24485cea50d1cbac27 -> 
  custom:video-decoder-webm-vp8: 9c59270c3fd7afecdb556c50c9e8de78 -> 
  custom:audio-decoder-ogg-vorbis: bf7c407c2cedff20999df2af8eb42d56 -> 
========================================================================
Received Prepare
Registering precompiled user dll's ...
Registered in 0.004892 seconds.
Begin MonoManager ReloadAssembly
Symbol file LoadedFromMemory is not a mono symbol file
Native extension for WindowsStandalone target not found
Native extension for Android target not found
Refreshing native plugins compatible for Editor in 1.28 ms, found 3 plugins.
Preloading 0 native plugins for Editor in 0.00 ms.
[Package Manager] Server::EnsureServerProcessIsRunning -- launch failed, reason: Unity was launched with the -noUpm command-line argument
[Package Manager] Cannot connect to Unity Package Manager local server
Mono: successfully reloaded assembly
- Completed reload, in  1.616 seconds
Domain Reload Profiling:
	ReloadAssembly (1616ms)
		BeginReloadAssembly (153ms)
			ExecutionOrderSort (0ms)
			DisableScriptedObjects (7ms)
			BackupInstance (0ms)
			ReleaseScriptingObjects (0ms)
			CreateAndSetChildDomain (49ms)
		EndReloadAssembly (1385ms)
			LoadAssemblies (102ms)
			RebuildTransferFunctionScriptingTraits (0ms)
			SetupTypeCache (308ms)
			ReleaseScriptCaches (2ms)
			RebuildScriptCaches (49ms)
			SetupLoadedEditorAssemblies (878ms)
				LogAssemblyErrors (0ms)
				InitializePlatformSupportModulesInManaged (19ms)
				SetLoadedEditorAssemblies (0ms)
				RefreshPlugins (1ms)
				BeforeProcessingInitializeOnLoad (104ms)
				ProcessInitializeOnLoadAttributes (584ms)
				ProcessInitializeOnLoadMethodAttributes (166ms)
				AfterProcessingInitializeOnLoad (3ms)
				EditorAssembliesLoaded (0ms)
			ExecutionOrderSort2 (0ms)
			AwakeInstancesAfterBackupRestoration (25ms)
Platform modules already initialized, skipping
Refreshing native plugins compatible for Editor in 2.37 ms, found 3 plugins.
Preloading 0 native plugins for Editor in 0.00 ms.
Unloading 6472 Unused Serialized files (Serialized files now loaded: 0)
Unloading 60 unused Assets / (0.9 MB). Loaded Objects now: 7089.
Memory consumption went from 271.4 MB to 270.5 MB.
Total: 6.558200 ms (FindLiveObjects: 0.611500 ms CreateObjectMapping: 0.591300 ms MarkObjects: 4.960900 ms  DeleteObjects: 0.392900 ms)

AssetImportParameters requested are different than current active one (requested -> active):
  custom:video-decoder-ogg-theora: a1e56fd34408186e4bbccfd4996cb3dc -> 
  custom:container-muxer-webm: aa71ff27fc2769a1b78a27578f13a17b -> 
  custom:container-demuxer-webm: 4f35f7cbe854078d1ac9338744f61a02 -> 
  custom:video-encoder-webm-vp8: eb34c28f22e8b96e1ab97ce403110664 -> 
  custom:CustomObjectIndexerAttribute: 6b0e35c9178b02a6363f3721b7b8e397 -> 
  custom:audio-encoder-webm-vorbis: bf7c407c2cedff20999df2af8eb42d56 -> 
  custom:framework-win-MediaFoundation: 216162199b28c13a410421893ffa2e32 -> 
  custom:SearchIndexIgnoredProperties: e643bd26f0fe6173181afceb89e7c659 -> 
  custom:container-demuxer-ogg: 62fdf1f143b41e24485cea50d1cbac27 -> 
  custom:video-decoder-webm-vp8: 9c59270c3fd7afecdb556c50c9e8de78 -> 
  custom:audio-decoder-ogg-vorbis: bf7c407c2cedff20999df2af8eb42d56 -> 
========================================================================
Received Prepare
Registering precompiled user dll's ...
Registered in 0.004741 seconds.
Begin MonoManager ReloadAssembly
Symbol file LoadedFromMemory is not a mono symbol file
Native extension for WindowsStandalone target not found
Native extension for Android target not found
Refreshing native plugins compatible for Editor in 1.23 ms, found 3 plugins.
Preloading 0 native plugins for Editor in 0.00 ms.
[Package Manager] Server::EnsureServerProcessIsRunning -- launch failed, reason: Unity was launched with the -noUpm command-line argument
[Package Manager] Cannot connect to Unity Package Manager local server
Mono: successfully reloaded assembly
- Completed reload, in  1.605 seconds
Domain Reload Profiling:
	ReloadAssembly (1606ms)
		BeginReloadAssembly (150ms)
			ExecutionOrderSort (0ms)
			DisableScriptedObjects (6ms)
			BackupInstance (0ms)
			ReleaseScriptingObjects (0ms)
			CreateAndSetChildDomain (46ms)
		EndReloadAssembly (1375ms)
			LoadAssemblies (102ms)
			RebuildTransferFunctionScriptingTraits (0ms)
			SetupTypeCache (306ms)
			ReleaseScriptCaches (2ms)
			RebuildScriptCaches (54ms)
			SetupLoadedEditorAssemblies (867ms)
				LogAssemblyErrors (0ms)
				InitializePlatformSupportModulesInManaged (17ms)
				SetLoadedEditorAssemblies (0ms)
				RefreshPlugins (1ms)
				BeforeProcessingInitializeOnLoad (98ms)
				ProcessInitializeOnLoadAttributes (576ms)
				ProcessInitializeOnLoadMethodAttributes (171ms)
				AfterProcessingInitializeOnLoad (3ms)
				EditorAssembliesLoaded (0ms)
			ExecutionOrderSort2 (0ms)
			AwakeInstancesAfterBackupRestoration (26ms)
Platform modules already initialized, skipping
Refreshing native plugins compatible for Editor in 1.41 ms, found 3 plugins.
Preloading 0 native plugins for Editor in 0.00 ms.
Unloading 6472 Unused Serialized files (Serialized files now loaded: 0)
Unloading 60 unused Assets / (0.9 MB). Loaded Objects now: 7092.
Memory consumption went from 271.4 MB to 270.5 MB.
Total: 7.295800 ms (FindLiveObjects: 0.837300 ms CreateObjectMapping: 0.642700 ms MarkObjects: 5.415700 ms  DeleteObjects: 0.399100 ms)

AssetImportParameters requested are different than current active one (requested -> active):
  custom:video-decoder-ogg-theora: a1e56fd34408186e4bbccfd4996cb3dc -> 
  custom:container-muxer-webm: aa71ff27fc2769a1b78a27578f13a17b -> 
  custom:container-demuxer-webm: 4f35f7cbe854078d1ac9338744f61a02 -> 
  custom:video-encoder-webm-vp8: eb34c28f22e8b96e1ab97ce403110664 -> 
  custom:CustomObjectIndexerAttribute: 6b0e35c9178b02a6363f3721b7b8e397 -> 
  custom:audio-encoder-webm-vorbis: bf7c407c2cedff20999df2af8eb42d56 -> 
  custom:framework-win-MediaFoundation: 216162199b28c13a410421893ffa2e32 -> 
  custom:SearchIndexIgnoredProperties: e643bd26f0fe6173181afceb89e7c659 -> 
  custom:container-demuxer-ogg: 62fdf1f143b41e24485cea50d1cbac27 -> 
  custom:video-decoder-webm-vp8: 9c59270c3fd7afecdb556c50c9e8de78 -> 
  custom:audio-decoder-ogg-vorbis: bf7c407c2cedff20999df2af8eb42d56 -> 
========================================================================
Received Prepare
Registering precompiled user dll's ...
Registered in 0.005059 seconds.
Begin MonoManager ReloadAssembly
Symbol file LoadedFromMemory is not a mono symbol file
Native extension for WindowsStandalone target not found
Native extension for Android target not found
Refreshing native plugins compatible for Editor in 1.43 ms, found 3 plugins.
Preloading 0 native plugins for Editor in 0.00 ms.
[Package Manager] Server::EnsureServerProcessIsRunning -- launch failed, reason: Unity was launched with the -noUpm command-line argument
[Package Manager] Cannot connect to Unity Package Manager local server
Mono: successfully reloaded assembly
- Completed reload, in  1.597 seconds
Domain Reload Profiling:
	ReloadAssembly (1597ms)
		BeginReloadAssembly (150ms)
			ExecutionOrderSort (0ms)
			DisableScriptedObjects (6ms)
			BackupInstance (0ms)
			ReleaseScriptingObjects (0ms)
			CreateAndSetChildDomain (48ms)
		EndReloadAssembly (1368ms)
			LoadAssemblies (106ms)
			RebuildTransferFunctionScriptingTraits (0ms)
			SetupTypeCache (284ms)
			ReleaseScriptCaches (2ms)
			RebuildScriptCaches (48ms)
			SetupLoadedEditorAssemblies (878ms)
				LogAssemblyErrors (0ms)
				InitializePlatformSupportModulesInManaged (19ms)
				SetLoadedEditorAssemblies (0ms)
				RefreshPlugins (1ms)
				BeforeProcessingInitializeOnLoad (101ms)
				ProcessInitializeOnLoadAttributes (586ms)
				ProcessInitializeOnLoadMethodAttributes (166ms)
				AfterProcessingInitializeOnLoad (4ms)
				EditorAssembliesLoaded (0ms)
			ExecutionOrderSort2 (0ms)
			AwakeInstancesAfterBackupRestoration (25ms)
Platform modules already initialized, skipping
Refreshing native plugins compatible for Editor in 1.58 ms, found 3 plugins.
Preloading 0 native plugins for Editor in 0.00 ms.
Unloading 6472 Unused Serialized files (Serialized files now loaded: 0)
Unloading 60 unused Assets / (0.9 MB). Loaded Objects now: 7095.
Memory consumption went from 271.4 MB to 270.5 MB.
Total: 6.144100 ms (FindLiveObjects: 0.537700 ms CreateObjectMapping: 0.546600 ms MarkObjects: 4.722800 ms  DeleteObjects: 0.336400 ms)

AssetImportParameters requested are different than current active one (requested -> active):
  custom:video-decoder-ogg-theora: a1e56fd34408186e4bbccfd4996cb3dc -> 
  custom:container-muxer-webm: aa71ff27fc2769a1b78a27578f13a17b -> 
  custom:container-demuxer-webm: 4f35f7cbe854078d1ac9338744f61a02 -> 
  custom:video-encoder-webm-vp8: eb34c28f22e8b96e1ab97ce403110664 -> 
  custom:CustomObjectIndexerAttribute: 6b0e35c9178b02a6363f3721b7b8e397 -> 
  custom:audio-encoder-webm-vorbis: bf7c407c2cedff20999df2af8eb42d56 -> 
  custom:framework-win-MediaFoundation: 216162199b28c13a410421893ffa2e32 -> 
  custom:SearchIndexIgnoredProperties: e643bd26f0fe6173181afceb89e7c659 -> 
  custom:container-demuxer-ogg: 62fdf1f143b41e24485cea50d1cbac27 -> 
  custom:video-decoder-webm-vp8: 9c59270c3fd7afecdb556c50c9e8de78 -> 
  custom:audio-decoder-ogg-vorbis: bf7c407c2cedff20999df2af8eb42d56 -> 
========================================================================
Received Prepare
Registering precompiled user dll's ...
Registered in 0.004909 seconds.
Begin MonoManager ReloadAssembly
Symbol file LoadedFromMemory is not a mono symbol file
Native extension for WindowsStandalone target not found
Native extension for Android target not found
Refreshing native plugins compatible for Editor in 1.27 ms, found 3 plugins.
Preloading 0 native plugins for Editor in 0.00 ms.
[Package Manager] Server::EnsureServerProcessIsRunning -- launch failed, reason: Unity was launched with the -noUpm command-line argument
[Package Manager] Cannot connect to Unity Package Manager local server
Mono: successfully reloaded assembly
- Completed reload, in  1.572 seconds
Domain Reload Profiling:
	ReloadAssembly (1573ms)
		BeginReloadAssembly (157ms)
			ExecutionOrderSort (0ms)
			DisableScriptedObjects (7ms)
			BackupInstance (0ms)
			ReleaseScriptingObjects (0ms)
			CreateAndSetChildDomain (49ms)
		EndReloadAssembly (1342ms)
			LoadAssemblies (105ms)
			RebuildTransferFunctionScriptingTraits (0ms)
			SetupTypeCache (293ms)
			ReleaseScriptCaches (2ms)
			RebuildScriptCaches (46ms)
			SetupLoadedEditorAssemblies (855ms)
				LogAssemblyErrors (0ms)
				InitializePlatformSupportModulesInManaged (17ms)
				SetLoadedEditorAssemblies (0ms)
				RefreshPlugins (1ms)
				BeforeProcessingInitializeOnLoad (107ms)
				ProcessInitializeOnLoadAttributes (562ms)
				ProcessInitializeOnLoadMethodAttributes (164ms)
				AfterProcessingInitializeOnLoad (3ms)
				EditorAssembliesLoaded (0ms)
			ExecutionOrderSort2 (0ms)
			AwakeInstancesAfterBackupRestoration (25ms)
Platform modules already initialized, skipping
Refreshing native plugins compatible for Editor in 1.42 ms, found 3 plugins.
Preloading 0 native plugins for Editor in 0.00 ms.
Unloading 6472 Unused Serialized files (Serialized files now loaded: 0)
Unloading 60 unused Assets / (0.9 MB). Loaded Objects now: 7098.
Memory consumption went from 271.5 MB to 270.5 MB.
Total: 7.408200 ms (FindLiveObjects: 0.617800 ms CreateObjectMapping: 0.602100 ms MarkObjects: 5.685900 ms  DeleteObjects: 0.501300 ms)

AssetImportParameters requested are different than current active one (requested -> active):
  custom:video-decoder-ogg-theora: a1e56fd34408186e4bbccfd4996cb3dc -> 
  custom:container-muxer-webm: aa71ff27fc2769a1b78a27578f13a17b -> 
  custom:container-demuxer-webm: 4f35f7cbe854078d1ac9338744f61a02 -> 
  custom:video-encoder-webm-vp8: eb34c28f22e8b96e1ab97ce403110664 -> 
  custom:CustomObjectIndexerAttribute: 6b0e35c9178b02a6363f3721b7b8e397 -> 
  custom:audio-encoder-webm-vorbis: bf7c407c2cedff20999df2af8eb42d56 -> 
  custom:framework-win-MediaFoundation: 216162199b28c13a410421893ffa2e32 -> 
  custom:SearchIndexIgnoredProperties: e643bd26f0fe6173181afceb89e7c659 -> 
  custom:container-demuxer-ogg: 62fdf1f143b41e24485cea50d1cbac27 -> 
  custom:video-decoder-webm-vp8: 9c59270c3fd7afecdb556c50c9e8de78 -> 
  custom:audio-decoder-ogg-vorbis: bf7c407c2cedff20999df2af8eb42d56 -> 
========================================================================
Received Import Request.
  Time since last request: 1712.722039 seconds.
  path: Assets/Game Make/RunGame/Prefabs/Road  5.prefab
  artifactKey: Guid(0aec685e86c9dee4db45817a88d64cf4) Importer(815301076,1909f56bfc062723c751e8b465ee728b)
Number of updated assets reloaded before import = 0
Start importing Assets/Game Make/RunGame/Prefabs/Road  5.prefab using Guid(0aec685e86c9dee4db45817a88d64cf4) Importer(815301076,1909f56bfc062723c751e8b465ee728b)  -> (artifact id: 'e5dbb127be65d5c8a881781944a75367') in 0.066545 seconds 
Number of asset objects unloaded after import = 351
========================================================================
Received Import Request.
  Time since last request: 0.741178 seconds.
  path: Assets/Game Make/RunGame/Prefabs/Obstrcle/Ambulance.prefab
  artifactKey: Guid(c11d6906441bd87449e0c0094cf6a1eb) Importer(815301076,1909f56bfc062723c751e8b465ee728b)
Number of updated assets reloaded before import = 0
Start importing Assets/Game Make/RunGame/Prefabs/Obstrcle/Ambulance.prefab using Guid(c11d6906441bd87449e0c0094cf6a1eb) Importer(815301076,1909f56bfc062723c751e8b465ee728b)  -> (artifact id: 'e255fca58d7ceb5c743a227f50136049') in 0.014822 seconds 
Number of asset objects unloaded after import = 11
========================================================================
Received Import Request.
  Time since last request: 0.000020 seconds.
  path: Assets/Game Make/RunGame/Prefabs/Obstrcle/Container_color03.prefab
  artifactKey: Guid(479efe7b1f4c84a4b8104827b0b6e619) Importer(815301076,1909f56bfc062723c751e8b465ee728b)
Number of updated assets reloaded before import = 0
Start importing Assets/Game Make/RunGame/Prefabs/Obstrcle/Container_color03.prefab using Guid(479efe7b1f4c84a4b8104827b0b6e619) Importer(815301076,1909f56bfc062723c751e8b465ee728b)  -> (artifact id: 'f4483e598062b4ba90a8f6fc37c14cf8') in 0.014594 seconds 
Number of asset objects unloaded after import = 11
========================================================================
Received Import Request.
  Time since last request: 0.000022 seconds.
  path: Assets/Game Make/RunGame/Prefabs/Obstrcle/Props_Traffic cone.prefab
  artifactKey: Guid(52f3bf47c9c62af4588469ff668b805c) Importer(815301076,1909f56bfc062723c751e8b465ee728b)
Number of updated assets reloaded before import = 0
Start importing Assets/Game Make/RunGame/Prefabs/Obstrcle/Props_Traffic cone.prefab using Guid(52f3bf47c9c62af4588469ff668b805c) Importer(815301076,1909f56bfc062723c751e8b465ee728b)  -> (artifact id: '46a0ffadc1f2e10a70d298f830c696b8') in 0.018473 seconds 
Number of asset objects unloaded after import = 11
========================================================================
Received Import Request.
  Time since last request: 0.000025 seconds.
  path: Assets/Game Make/RunGame/Prefabs/Obstrcle/Police.prefab
  artifactKey: Guid(56b29d5e4d261c64b839202cd9d1cec0) Importer(815301076,1909f56bfc062723c751e8b465ee728b)
Number of updated assets reloaded before import = 0
Start importing Assets/Game Make/RunGame/Prefabs/Obstrcle/Police.prefab using Guid(56b29d5e4d261c64b839202cd9d1cec0) Importer(815301076,1909f56bfc062723c751e8b465ee728b)  -> (artifact id: 'b0b7b8a23fe636d69ae3e09d2817356e') in 0.014373 seconds 
Number of asset objects unloaded after import = 33
========================================================================
Received Import Request.
  Time since last request: 0.000022 seconds.
  path: Assets/Game Make/RunGame/Prefabs/Obstrcle/Pick up Truck_color03.prefab
  artifactKey: Guid(559dcf7feb38b9748aca03b9818760ef) Importer(815301076,1909f56bfc062723c751e8b465ee728b)
Number of updated assets reloaded before import = 0
Start importing Assets/Game Make/RunGame/Prefabs/Obstrcle/Pick up Truck_color03.prefab using Guid(559dcf7feb38b9748aca03b9818760ef) Importer(815301076,1909f56bfc062723c751e8b465ee728b)  -> (artifact id: '4087603fdcbbfeea0737b037df366574') in 0.013286 seconds 
Number of asset objects unloaded after import = 11
Editor requested this worker to shutdown with reason: Scaling down because of idle timeout
AssetImportWorker is now disconnected from the server
Process exiting
Exiting without the bug reporter. Application will terminate with return code 0