Using pre-set license
Built from '2021.3/staging' branch; Version is '2021.3.30f1 (b4360d7cdac4) revision 11810317'; Using compiler version '192829333'; Build Type 'Release'
OS: 'Windows 10  (10.0.19045) 64bit Core' Language: 'ko' Physical Memory: 16224 MB
BatchMode: 1, IsHumanControllingUs: 0, StartBugReporterOnCrash: 0, Is64bit: 1, IsPro: 1

COMMAND LINE ARGUMENTS:
C:\Program Files\Unity\Hub\Editor\2021.3.30f1\Editor\Unity.exe
-adb2
-batchMode
-noUpm
-name
AssetImportWorker0
-projectPath
D:/C언어 및 유니티 강의 영상/Cargame/yjl Game
-logFile
Logs/AssetImportWorker0.log
-srvPort
62029
Successfully changed project path to: D:/C언어 및 유니티 강의 영상/Cargame/yjl Game
D:/C언어 및 유니티 강의 영상/Cargame/yjl Game
[UnityMemory] Configuration Parameters - Can be set up in boot.config
    "memorysetup-bucket-allocator-granularity=16"
    "memorysetup-bucket-allocator-bucket-count=8"
    "memorysetup-bucket-allocator-block-size=33554432"
    "memorysetup-bucket-allocator-block-count=8"
    "memorysetup-main-allocator-block-size=16777216"
    "memorysetup-thread-allocator-block-size=16777216"
    "memorysetup-gfx-main-allocator-block-size=16777216"
    "memorysetup-gfx-thread-allocator-block-size=16777216"
    "memorysetup-cache-allocator-block-size=4194304"
    "memorysetup-typetree-allocator-block-size=2097152"
    "memorysetup-profiler-bucket-allocator-granularity=16"
    "memorysetup-profiler-bucket-allocator-bucket-count=8"
    "memorysetup-profiler-bucket-allocator-block-size=33554432"
    "memorysetup-profiler-bucket-allocator-block-count=8"
    "memorysetup-profiler-allocator-block-size=16777216"
    "memorysetup-profiler-editor-allocator-block-size=1048576"
    "memorysetup-temp-allocator-size-main=16777216"
    "memorysetup-job-temp-allocator-block-size=2097152"
    "memorysetup-job-temp-allocator-block-size-background=1048576"
    "memorysetup-job-temp-allocator-reduction-small-platforms=262144"
    "memorysetup-temp-allocator-size-background-worker=32768"
    "memorysetup-temp-allocator-size-job-worker=262144"
    "memorysetup-temp-allocator-size-preload-manager=33554432"
    "memorysetup-temp-allocator-size-nav-mesh-worker=65536"
    "memorysetup-temp-allocator-size-audio-worker=65536"
    "memorysetup-temp-allocator-size-cloud-worker=32768"
    "memorysetup-temp-allocator-size-gi-baking-worker=262144"
    "memorysetup-temp-allocator-size-gfx=262144"
Player connection [63608] Host "[IP] 192.168.0.92 [Port] 0 [Flags] 2 [Guid] 803280502 [EditorId] 803280502 [Version] 1048832 [Id] WindowsEditor(7,DESKTOP-T0A94SF) [Debug] 1 [PackageName] WindowsEditor [ProjectName] Editor" joined multi-casting on [225.0.0.222:54997]...

Player connection [63608] Host "[IP] 192.168.0.92 [Port] 0 [Flags] 2 [Guid] 803280502 [EditorId] 803280502 [Version] 1048832 [Id] WindowsEditor(7,DESKTOP-T0A94SF) [Debug] 1 [PackageName] WindowsEditor [ProjectName] Editor" joined alternative multi-casting on [225.0.0.222:34997]...

[Physics::Module] Initialized MultithreadedJobDispatcher with {0} workers.
Refreshing native plugins compatible for Editor in 128.22 ms, found 3 plugins.
Preloading 0 native plugins for Editor in 0.00 ms.
Initialize engine version: 2021.3.30f1 (b4360d7cdac4)
[Subsystems] Discovering subsystems at path C:/Program Files/Unity/Hub/Editor/2021.3.30f1/Editor/Data/Resources/UnitySubsystems
[Subsystems] Discovering subsystems at path D:/C언어 및 유니티 강의 영상/Cargame/yjl Game/Assets
GfxDevice: creating device client; threaded=0; jobified=0
Direct3D:
    Version:  Direct3D 11.0 [level 11.1]
    Renderer: NVIDIA GeForce GTX 1650 (ID=0x1f91)
    Vendor:   NVIDIA
    VRAM:     3952 MB
    Driver:   31.0.15.3179
Initialize mono
Mono path[0] = 'C:/Program Files/Unity/Hub/Editor/2021.3.30f1/Editor/Data/Managed'
Mono path[1] = 'C:/Program Files/Unity/Hub/Editor/2021.3.30f1/Editor/Data/MonoBleedingEdge/lib/mono/unityjit-win32'
Mono config path = 'C:/Program Files/Unity/Hub/Editor/2021.3.30f1/Editor/Data/MonoBleedingEdge/etc'
Using monoOptions --debugger-agent=transport=dt_socket,embedding=1,server=y,suspend=n,address=127.0.0.1:56604
Begin MonoManager ReloadAssembly
Registering precompiled unity dll's ...
Register platform support module: C:/Program Files/Unity/Hub/Editor/2021.3.30f1/Editor/Data/PlaybackEngines/WindowsStandaloneSupport/UnityEditor.WindowsStandalone.Extensions.dll
Registered in 0.018699 seconds.
Native extension for WindowsStandalone target not found
Refreshing native plugins compatible for Editor in 94.84 ms, found 3 plugins.
Preloading 0 native plugins for Editor in 0.00 ms.
Mono: successfully reloaded assembly
- Completed reload, in  1.113 seconds
Domain Reload Profiling:
	ReloadAssembly (1114ms)
		BeginReloadAssembly (181ms)
			ExecutionOrderSort (0ms)
			DisableScriptedObjects (0ms)
			BackupInstance (0ms)
			ReleaseScriptingObjects (0ms)
			CreateAndSetChildDomain (1ms)
		EndReloadAssembly (757ms)
			LoadAssemblies (173ms)
			RebuildTransferFunctionScriptingTraits (0ms)
			SetupTypeCache (167ms)
			ReleaseScriptCaches (0ms)
			RebuildScriptCaches (41ms)
			SetupLoadedEditorAssemblies (482ms)
				LogAssemblyErrors (0ms)
				InitializePlatformSupportModulesInManaged (14ms)
				SetLoadedEditorAssemblies (0ms)
				RefreshPlugins (95ms)
				BeforeProcessingInitializeOnLoad (2ms)
				ProcessInitializeOnLoadAttributes (280ms)
				ProcessInitializeOnLoadMethodAttributes (91ms)
				AfterProcessingInitializeOnLoad (0ms)
				EditorAssembliesLoaded (0ms)
			ExecutionOrderSort2 (0ms)
			AwakeInstancesAfterBackupRestoration (0ms)
Platform modules already initialized, skipping
Registering precompiled user dll's ...
Registered in 0.010630 seconds.
Begin MonoManager ReloadAssembly
Native extension for WindowsStandalone target not found
Refreshing native plugins compatible for Editor in 1.07 ms, found 3 plugins.
Preloading 0 native plugins for Editor in 0.00 ms.
Package Manager log level set to [2]
[Package Manager] Server::EnsureServerProcessIsRunning -- launch failed, reason: Unity was launched with the -noUpm command-line argument
[Package Manager] Cannot connect to Unity Package Manager local server
Mono: successfully reloaded assembly
- Completed reload, in  2.470 seconds
Domain Reload Profiling:
	ReloadAssembly (2472ms)
		BeginReloadAssembly (269ms)
			ExecutionOrderSort (0ms)
			DisableScriptedObjects (11ms)
			BackupInstance (0ms)
			ReleaseScriptingObjects (0ms)
			CreateAndSetChildDomain (25ms)
		EndReloadAssembly (2001ms)
			LoadAssemblies (233ms)
			RebuildTransferFunctionScriptingTraits (0ms)
			SetupTypeCache (516ms)
			ReleaseScriptCaches (1ms)
			RebuildScriptCaches (95ms)
			SetupLoadedEditorAssemblies (1147ms)
				LogAssemblyErrors (0ms)
				InitializePlatformSupportModulesInManaged (17ms)
				SetLoadedEditorAssemblies (1ms)
				RefreshPlugins (1ms)
				BeforeProcessingInitializeOnLoad (158ms)
				ProcessInitializeOnLoadAttributes (875ms)
				ProcessInitializeOnLoadMethodAttributes (41ms)
				AfterProcessingInitializeOnLoad (53ms)
				EditorAssembliesLoaded (0ms)
			ExecutionOrderSort2 (0ms)
			AwakeInstancesAfterBackupRestoration (23ms)
Platform modules already initialized, skipping
========================================================================
Worker process is ready to serve import requests
Launched and connected shader compiler UnityShaderCompiler.exe after 0.11 seconds
Refreshing native plugins compatible for Editor in 0.69 ms, found 3 plugins.
Preloading 0 native plugins for Editor in 0.00 ms.
Unloading 3209 Unused Serialized files (Serialized files now loaded: 0)
Unloading 26 unused Assets / (334.4 KB). Loaded Objects now: 3701.
Memory consumption went from 147.9 MB to 147.6 MB.
Total: 2.773700 ms (FindLiveObjects: 0.262400 ms CreateObjectMapping: 0.204200 ms MarkObjects: 2.184600 ms  DeleteObjects: 0.120700 ms)

AssetImportParameters requested are different than current active one (requested -> active):
  custom:video-decoder-ogg-theora: a1e56fd34408186e4bbccfd4996cb3dc -> 
  custom:container-muxer-webm: aa71ff27fc2769a1b78a27578f13a17b -> 
  custom:container-demuxer-webm: 4f35f7cbe854078d1ac9338744f61a02 -> 
  custom:video-encoder-webm-vp8: eb34c28f22e8b96e1ab97ce403110664 -> 
  custom:video-codec-MediaFoundation-h265: e54d7ab0439102e2317fc1e4b246158d -> 
  custom:CustomObjectIndexerAttribute: bc11b3a6c3213fcdd17b65e7da85e133 -> 
  custom:audio-encoder-webm-vorbis: bf7c407c2cedff20999df2af8eb42d56 -> 
  custom:framework-win-MediaFoundation: 216162199b28c13a410421893ffa2e32 -> 
  custom:SearchIndexIgnoredProperties: e643bd26f0fe6173181afceb89e7c659 -> 
  custom:container-demuxer-ogg: 62fdf1f143b41e24485cea50d1cbac27 -> 
  custom:video-decoder-webm-vp8: 9c59270c3fd7afecdb556c50c9e8de78 -> 
  custom:audio-decoder-ogg-vorbis: bf7c407c2cedff20999df2af8eb42d56 -> 
========================================================================
Received Import Request.
  Time since last request: 61573.204440 seconds.
  path: Assets/Animation Bland
  artifactKey: Guid(8725aa4fda3efbe48bab8060be87827e) Importer(815301076,1909f56bfc062723c751e8b465ee728b)
Number of updated assets reloaded before import = 0
Start importing Assets/Animation Bland using Guid(8725aa4fda3efbe48bab8060be87827e) Importer(815301076,1909f56bfc062723c751e8b465ee728b)  -> (artifact id: '79c504c152b4daba6fca4227347c70e0') in 0.140766 seconds 
Number of asset objects unloaded after import = 0
========================================================================
Received Import Request.
  Time since last request: 17.903661 seconds.
  path: Assets/Animation Bland/Scene
  artifactKey: Guid(cd40e021395770d4b80d045492f53224) Importer(815301076,1909f56bfc062723c751e8b465ee728b)
Number of updated assets reloaded before import = 0
Start importing Assets/Animation Bland/Scene using Guid(cd40e021395770d4b80d045492f53224) Importer(815301076,1909f56bfc062723c751e8b465ee728b)  -> (artifact id: '20c10a5771e986e346d83ba54fc0a927') in 0.123071 seconds 
Number of asset objects unloaded after import = 0
========================================================================
Received Import Request.
  Time since last request: 9.108874 seconds.
  path: Assets/Animation Bland/Scene/SCene.unity
  artifactKey: Guid(115c4ea99ec4ac24eab071b0e4ebc9dd) Importer(815301076,1909f56bfc062723c751e8b465ee728b)
Number of updated assets reloaded before import = 0
Start importing Assets/Animation Bland/Scene/SCene.unity using Guid(115c4ea99ec4ac24eab071b0e4ebc9dd) Importer(815301076,1909f56bfc062723c751e8b465ee728b)  -> (artifact id: 'e1fcc8ffd622c61607750d34348e1092') in 0.100715 seconds 
Number of asset objects unloaded after import = 0
========================================================================
Received Import Request.
  Time since last request: 8.479168 seconds.
  path: Assets/Animation Bland/Model
  artifactKey: Guid(6ea5989c6190a9843940db957516fffb) Importer(815301076,1909f56bfc062723c751e8b465ee728b)
Number of updated assets reloaded before import = 0
Start importing Assets/Animation Bland/Model using Guid(6ea5989c6190a9843940db957516fffb) Importer(815301076,1909f56bfc062723c751e8b465ee728b)  -> (artifact id: 'e4b2e075f48b69a6a8a2ad85ed11782f') in 0.098273 seconds 
Number of asset objects unloaded after import = 0
========================================================================
Received Import Request.
  Time since last request: 5.399104 seconds.
  path: Assets/Animation Bland/Scrit
  artifactKey: Guid(6a51f96f15b10074991f0184af202396) Importer(815301076,1909f56bfc062723c751e8b465ee728b)
Number of updated assets reloaded before import = 0
Start importing Assets/Animation Bland/Scrit using Guid(6a51f96f15b10074991f0184af202396) Importer(815301076,1909f56bfc062723c751e8b465ee728b)  -> (artifact id: '2fc63767f8621648fb97267ea8410d4b') in 0.425408 seconds 
Number of asset objects unloaded after import = 0
========================================================================
Received Import Request.
  Time since last request: 4.715618 seconds.
  path: Assets/Animation Bland/Script
  artifactKey: Guid(6a51f96f15b10074991f0184af202396) Importer(815301076,1909f56bfc062723c751e8b465ee728b)
Number of updated assets reloaded before import = 0
Start importing Assets/Animation Bland/Script using Guid(6a51f96f15b10074991f0184af202396) Importer(815301076,1909f56bfc062723c751e8b465ee728b)  -> (artifact id: '0f94faf40da2fad01de27fb88a613ec9') in 0.140660 seconds 
Number of asset objects unloaded after import = 0
========================================================================
Received Import Request.
  Time since last request: 9.364247 seconds.
  path: Assets/Animation Bland/Texture
  artifactKey: Guid(f7a983d422044604fa2c4b626c23c199) Importer(815301076,1909f56bfc062723c751e8b465ee728b)
Number of updated assets reloaded before import = 0
Start importing Assets/Animation Bland/Texture using Guid(f7a983d422044604fa2c4b626c23c199) Importer(815301076,1909f56bfc062723c751e8b465ee728b)  -> (artifact id: 'f86274bf05ef056013cb26a96c0e5dfa') in 0.127339 seconds 
Number of asset objects unloaded after import = 0
========================================================================
Received Import Request.
  Time since last request: 15.569687 seconds.
  path: Assets/Animation Bland/Animations
  artifactKey: Guid(672201d6a48bc2f438208295624b1e06) Importer(815301076,1909f56bfc062723c751e8b465ee728b)
Number of updated assets reloaded before import = 0
Start importing Assets/Animation Bland/Animations using Guid(672201d6a48bc2f438208295624b1e06) Importer(815301076,1909f56bfc062723c751e8b465ee728b)  -> (artifact id: '10b2b4c78050fb56217e3dcfcf763bd6') in 0.131993 seconds 
Number of asset objects unloaded after import = 0
========================================================================
Received Import Request.
  Time since last request: 5.157781 seconds.
  path: Assets/Animation Bland/Animater
  artifactKey: Guid(34f329af94e9d4345b97b553c6c1f22d) Importer(815301076,1909f56bfc062723c751e8b465ee728b)
Number of updated assets reloaded before import = 0
Start importing Assets/Animation Bland/Animater using Guid(34f329af94e9d4345b97b553c6c1f22d) Importer(815301076,1909f56bfc062723c751e8b465ee728b)  -> (artifact id: '596258943c28a2fb8eb6c84c9afffbb0') in 0.099093 seconds 
Number of asset objects unloaded after import = 0
========================================================================
Received Import Request.
  Time since last request: 391.868093 seconds.
  path: Assets/Animation Bland/Model/Ch42_nonPBR.fbx
  artifactKey: Guid(a82841a0590266c4ea7b64fc31af2db0) Importer(815301076,1909f56bfc062723c751e8b465ee728b)
Number of updated assets reloaded before import = 0
Start importing Assets/Animation Bland/Model/Ch42_nonPBR.fbx using Guid(a82841a0590266c4ea7b64fc31af2db0) Importer(815301076,1909f56bfc062723c751e8b465ee728b)  -> (artifact id: 'e4a883b3e8c49025358003c78e6fda1b') in 0.702686 seconds 
Number of asset objects unloaded after import = 161
========================================================================
Received Import Request.
  Time since last request: 65.799032 seconds.
  path: Assets/Animation Bland/Model/Ch42_nonPBR.fbx
  artifactKey: Guid(a82841a0590266c4ea7b64fc31af2db0) Importer(815301076,1909f56bfc062723c751e8b465ee728b)
Number of updated assets reloaded before import = 0
Start importing Assets/Animation Bland/Model/Ch42_nonPBR.fbx using Guid(a82841a0590266c4ea7b64fc31af2db0) Importer(815301076,1909f56bfc062723c751e8b465ee728b)  -> (artifact id: 'cc3f8e383f4c8f0e8a182d2b121b2db6') in 1.039416 seconds 
Number of asset objects unloaded after import = 164
========================================================================
Received Import Request.
  Time since last request: 3.896096 seconds.
  path: Assets/Animation Bland/Model/Ch42_nonPBR.fbx
  artifactKey: Guid(a82841a0590266c4ea7b64fc31af2db0) Importer(815301076,1909f56bfc062723c751e8b465ee728b)
Number of updated assets reloaded before import = 0
Start importing Assets/Animation Bland/Model/Ch42_nonPBR.fbx using Guid(a82841a0590266c4ea7b64fc31af2db0) Importer(815301076,1909f56bfc062723c751e8b465ee728b)  -> (artifact id: '0df0d455f65f4bef7dd6acc9c203df64') in 0.344831 seconds 
Number of asset objects unloaded after import = 164
========================================================================
Received Import Request.
  Time since last request: 2.246705 seconds.
  path: Assets/Animation Bland/Texture/Ch42_1001_Diffuse.png
  artifactKey: Guid(04efd3076634f5c40b52537631332f80) Importer(815301076,1909f56bfc062723c751e8b465ee728b)
Number of updated assets reloaded before import = 0
Start importing Assets/Animation Bland/Texture/Ch42_1001_Diffuse.png using Guid(04efd3076634f5c40b52537631332f80) Importer(815301076,1909f56bfc062723c751e8b465ee728b)  -> (artifact id: 'b84ff43cfa31b811998c99d3465aab10') in 0.251952 seconds 
Number of asset objects unloaded after import = 2
========================================================================
Received Import Request.
  Time since last request: 0.000025 seconds.
  path: Assets/Animation Bland/Texture/Ch42_1001_Specular.png
  artifactKey: Guid(5cd9874134a624640ab25274a2eabaa2) Importer(815301076,1909f56bfc062723c751e8b465ee728b)
Number of updated assets reloaded before import = 0
Start importing Assets/Animation Bland/Texture/Ch42_1001_Specular.png using Guid(5cd9874134a624640ab25274a2eabaa2) Importer(815301076,1909f56bfc062723c751e8b465ee728b)  -> (artifact id: 'f2e5f979944e6a82c10b98243ecf0f24') in 0.389100 seconds 
Number of asset objects unloaded after import = 2
========================================================================
Received Import Request.
  Time since last request: 0.000030 seconds.
  path: Assets/Animation Bland/Texture/Ch42_1001_Normal.png
  artifactKey: Guid(9bc3432cba6cf7743ba98f56109c3485) Importer(815301076,1909f56bfc062723c751e8b465ee728b)
Number of updated assets reloaded before import = 0
Start importing Assets/Animation Bland/Texture/Ch42_1001_Normal.png using Guid(9bc3432cba6cf7743ba98f56109c3485) Importer(815301076,1909f56bfc062723c751e8b465ee728b)  -> (artifact id: '68ffc9c748ee9b550fa0a0c7cdb8b56c') in 0.314105 seconds 
Number of asset objects unloaded after import = 2
========================================================================
Received Import Request.
  Time since last request: 388.575281 seconds.
  path: Assets/Animation Bland/Animations/Ch42_nonPBR@Crouch Torch Walk Back.fbx
  artifactKey: Guid(841b738d891394e469a3df6e619e977d) Importer(815301076,1909f56bfc062723c751e8b465ee728b)
Number of updated assets reloaded before import = 0
Start importing Assets/Animation Bland/Animations/Ch42_nonPBR@Crouch Torch Walk Back.fbx using Guid(841b738d891394e469a3df6e619e977d) Importer(815301076,1909f56bfc062723c751e8b465ee728b)  -> (artifact id: '14235e0b47963b2a60ff69f1fa9caafd') in 0.269787 seconds 
Number of asset objects unloaded after import = 135
========================================================================
Received Import Request.
  Time since last request: 0.000057 seconds.
  path: Assets/Animation Bland/Animations/Ch42_nonPBR@Standing Torch Walk Left.fbx
  artifactKey: Guid(086939e02336599419f3bc7f8c58c470) Importer(815301076,1909f56bfc062723c751e8b465ee728b)
Number of updated assets reloaded before import = 0
Start importing Assets/Animation Bland/Animations/Ch42_nonPBR@Standing Torch Walk Left.fbx using Guid(086939e02336599419f3bc7f8c58c470) Importer(815301076,1909f56bfc062723c751e8b465ee728b)  -> (artifact id: '49482348c35d64ea447e2f59d29b3116') in 0.234693 seconds 
Number of asset objects unloaded after import = 135
========================================================================
Received Prepare
Registering precompiled user dll's ...
Registered in 0.011742 seconds.
Begin MonoManager ReloadAssembly
Native extension for WindowsStandalone target not found
Refreshing native plugins compatible for Editor in 1.03 ms, found 3 plugins.
Preloading 0 native plugins for Editor in 0.00 ms.
[Package Manager] Server::EnsureServerProcessIsRunning -- launch failed, reason: Unity was launched with the -noUpm command-line argument
[Package Manager] Cannot connect to Unity Package Manager local server
Mono: successfully reloaded assembly
- Completed reload, in  1.975 seconds
Domain Reload Profiling:
	ReloadAssembly (1977ms)
		BeginReloadAssembly (270ms)
			ExecutionOrderSort (0ms)
			DisableScriptedObjects (7ms)
			BackupInstance (0ms)
			ReleaseScriptingObjects (0ms)
			CreateAndSetChildDomain (44ms)
		EndReloadAssembly (1546ms)
			LoadAssemblies (204ms)
			RebuildTransferFunctionScriptingTraits (0ms)
			SetupTypeCache (410ms)
			ReleaseScriptCaches (2ms)
			RebuildScriptCaches (62ms)
			SetupLoadedEditorAssemblies (886ms)
				LogAssemblyErrors (0ms)
				InitializePlatformSupportModulesInManaged (14ms)
				SetLoadedEditorAssemblies (1ms)
				RefreshPlugins (1ms)
				BeforeProcessingInitializeOnLoad (117ms)
				ProcessInitializeOnLoadAttributes (699ms)
				ProcessInitializeOnLoadMethodAttributes (27ms)
				AfterProcessingInitializeOnLoad (28ms)
				EditorAssembliesLoaded (0ms)
			ExecutionOrderSort2 (0ms)
			AwakeInstancesAfterBackupRestoration (18ms)
Platform modules already initialized, skipping
Refreshing native plugins compatible for Editor in 0.74 ms, found 3 plugins.
Preloading 0 native plugins for Editor in 0.00 ms.
Unloading 3170 Unused Serialized files (Serialized files now loaded: 0)
Unloading 21 unused Assets / (307.2 KB). Loaded Objects now: 3754.
Memory consumption went from 161.4 MB to 161.1 MB.
Total: 3.194400 ms (FindLiveObjects: 0.318900 ms CreateObjectMapping: 0.240600 ms MarkObjects: 2.545900 ms  DeleteObjects: 0.088200 ms)

AssetImportParameters requested are different than current active one (requested -> active):
  custom:video-decoder-ogg-theora: a1e56fd34408186e4bbccfd4996cb3dc -> 
  custom:container-muxer-webm: aa71ff27fc2769a1b78a27578f13a17b -> 
  custom:container-demuxer-webm: 4f35f7cbe854078d1ac9338744f61a02 -> 
  custom:video-encoder-webm-vp8: eb34c28f22e8b96e1ab97ce403110664 -> 
  custom:video-codec-MediaFoundation-h265: e54d7ab0439102e2317fc1e4b246158d -> 
  custom:CustomObjectIndexerAttribute: bc11b3a6c3213fcdd17b65e7da85e133 -> 
  custom:audio-encoder-webm-vorbis: bf7c407c2cedff20999df2af8eb42d56 -> 
  custom:framework-win-MediaFoundation: 216162199b28c13a410421893ffa2e32 -> 
  custom:SearchIndexIgnoredProperties: e643bd26f0fe6173181afceb89e7c659 -> 
  custom:container-demuxer-ogg: 62fdf1f143b41e24485cea50d1cbac27 -> 
  custom:video-decoder-webm-vp8: 9c59270c3fd7afecdb556c50c9e8de78 -> 
  custom:audio-decoder-ogg-vorbis: bf7c407c2cedff20999df2af8eb42d56 -> 
